<?xml version="1.0" encoding="UTF-8"?>
<!-- Generated by org.testng.reporters.JUnitReportReporter -->
<testsuite hostname="DESKTOP-JAREUA0" name="org.sample.Testing" tests="1" failures="0" timestamp="7 May 2020 07:12:33 GMT" time="0.005" errors="0">
  <testcase name="test" time="0.005" classname="org.sample.Testing"/>
</testsuite> <!-- org.sample.Testing -->
