<?xml version="1.0" encoding="UTF-8"?>
<!-- Generated by org.testng.reporters.JUnitReportReporter -->
<testsuite hostname="DESKTOP-JAREUA0" name="org.sample.ClassB" tests="2" failures="0" timestamp="7 May 2020 07:24:10 GMT" time="0.016" errors="0">
  <testcase name="test2" time="0.000" classname="org.sample.ClassB"/>
  <testcase name="test5" time="0.016" classname="org.sample.ClassB"/>
</testsuite> <!-- org.sample.ClassB -->
