<?xml version="1.0" encoding="UTF-8"?>
<!-- Generated by org.testng.reporters.JUnitReportReporter -->
<testsuite hostname="DESKTOP-JAREUA0" name="org.sample.ClassA" tests="2" failures="0" timestamp="7 May 2020 07:24:10 GMT" time="0.022" errors="0">
  <testcase name="test3" time="0.016" classname="org.sample.ClassA"/>
  <testcase name="test1" time="0.006" classname="org.sample.ClassA"/>
</testsuite> <!-- org.sample.ClassA -->
